Build started 11/26/2015 5:46:13 PM.
     1>Project "C:\StructureProgramingLabs\FinalProjectC\finalProject.vcxproj" on node 2 (Build target(s)).
     1>ClCompile:
         C:\Program Files (x86)\Microsoft Visual Studio 11.0\VC\bin\CL.exe /c /ZI /nologo /W3 /WX- /sdl /Od /Oy- /D _MBCS /Gm /EHsc /RTC1 /MDd /GS /fp:precise /Zc:wchar_t /Zc:forScope /Fo"Debug\\" /Fd"Debug\vc110.pdb" /Gd /TP /analyze- /errorReport:prompt evaluationImp.cpp finalProjectApp.cpp menuImp.cpp operationImp.cpp studentImp.cpp teacherImp.cpp
         menuImp.cpp
     1>c:\structureprograminglabs\finalprojectc\menuimp.cpp(260): warning C4018: '<' : signed/unsigned mismatch
     1>c:\structureprograminglabs\finalprojectc\menuimp.cpp(270): warning C4244: 'argument' : conversion from 'time_t' to 'unsigned int', possible loss of data
     1>c:\structureprograminglabs\finalprojectc\menuimp.cpp(349): warning C4018: '<' : signed/unsigned mismatch
     1>c:\structureprograminglabs\finalprojectc\menuimp.cpp(362): warning C4244: 'argument' : conversion from 'time_t' to 'unsigned int', possible loss of data
         Generating Code...
         Compiling...
         teacherImp.cpp
     1>c:\structureprograminglabs\finalprojectc\teacherimp.cpp(101): error C2679: binary '=' : no operator found which takes a right-hand operand of type 'void' (or there is no acceptable conversion)
                 c:\program files (x86)\microsoft visual studio 11.0\vc\include\xstring(912): could be 'std::basic_string<_Elem,_Traits,_Alloc> &std::basic_string<_Elem,_Traits,_Alloc>::operator =(std::basic_string<_Elem,_Traits,_Alloc> &&) throw()'
                 with
                 [
                     _Elem=char,
                     _Traits=std::char_traits<char>,
                     _Alloc=std::allocator<char>
                 ]
                 c:\program files (x86)\microsoft visual studio 11.0\vc\include\xstring(969): or       'std::basic_string<_Elem,_Traits,_Alloc> &std::basic_string<_Elem,_Traits,_Alloc>::operator =(const std::basic_string<_Elem,_Traits,_Alloc> &)'
                 with
                 [
                     _Elem=char,
                     _Traits=std::char_traits<char>,
                     _Alloc=std::allocator<char>
                 ]
                 c:\program files (x86)\microsoft visual studio 11.0\vc\include\xstring(987): or       'std::basic_string<_Elem,_Traits,_Alloc> &std::basic_string<_Elem,_Traits,_Alloc>::operator =(const _Elem *)'
                 with
                 [
                     _Elem=char,
                     _Traits=std::char_traits<char>,
                     _Alloc=std::allocator<char>
                 ]
                 c:\program files (x86)\microsoft visual studio 11.0\vc\include\xstring(992): or       'std::basic_string<_Elem,_Traits,_Alloc> &std::basic_string<_Elem,_Traits,_Alloc>::operator =(_Elem)'
                 with
                 [
                     _Elem=char,
                     _Traits=std::char_traits<char>,
                     _Alloc=std::allocator<char>
                 ]
                 while trying to match the argument list '(std::string, void)'
         studentImp.cpp
         operationImp.cpp
         finalProjectApp.cpp
         evaluationImp.cpp
     1>c:\structureprograminglabs\finalprojectc\evaluationimp.cpp(126): warning C4018: '<' : signed/unsigned mismatch
     1>c:\structureprograminglabs\finalprojectc\evaluationimp.cpp(160): warning C4018: '<' : signed/unsigned mismatch
     1>c:\structureprograminglabs\finalprojectc\evaluationimp.cpp(181): warning C4018: '<' : signed/unsigned mismatch
     1>c:\structureprograminglabs\finalprojectc\evaluationimp.cpp(191): warning C4018: '>' : signed/unsigned mismatch
         Generating Code...
     1>Done Building Project "C:\StructureProgramingLabs\FinalProjectC\finalProject.vcxproj" (Build target(s)) -- FAILED.

Build FAILED.

Time Elapsed 00:00:14.64
